2022-06-20 10:36:51,810 [Worker-6: Loading available Gradle versions] INFO  o.e.b.c.i.u.g.PublishedGradleVersions - Gradle version information cache is up-to-date. Trying to read.
2022-06-20 10:53:36,904 [ForkJoinPool.commonPool-worker-18] ERROR o.e.m.e.l.MavenRuntimeClasspathProvider - Illegal character in path at index 16: file:/C:/Program Files (x86)/eclipse-java-2022-06-R-win32-x86_64/eclipse/plugins/org.eclipse.m2e.maven.runtime_1.18.3.20220227-1319/jars/
java.net.URISyntaxException: Illegal character in path at index 16: file:/C:/Program Files (x86)/eclipse-java-2022-06-R-win32-x86_64/eclipse/plugins/org.eclipse.m2e.maven.runtime_1.18.3.20220227-1319/jars/
	at java.base/java.net.URI$Parser.fail(URI.java:2974) ~[na:na]
	at java.base/java.net.URI$Parser.checkChars(URI.java:3145) ~[na:na]
	at java.base/java.net.URI$Parser.parseHierarchical(URI.java:3227) ~[na:na]
	at java.base/java.net.URI$Parser.parse(URI.java:3175) ~[na:na]
	at java.base/java.net.URI.<init>(URI.java:623) ~[na:na]
	at java.base/java.net.URL.toURI(URL.java:1056) ~[na:na]
	at org.eclipse.m2e.editor.lemminx.MavenRuntimeClasspathProvider.addJarsFromBundle(MavenRuntimeClasspathProvider.java:81) ~[na:na]
	at org.eclipse.m2e.editor.lemminx.MavenRuntimeClasspathProvider.get(MavenRuntimeClasspathProvider.java:66) ~[na:na]
	at org.eclipse.m2e.editor.lemminx.MavenRuntimeClasspathProvider.get(MavenRuntimeClasspathProvider.java:1) ~[na:na]
	at java.base/java.util.stream.ReferencePipeline$3$1.accept(ReferencePipeline.java:197) ~[na:na]
	at java.base/java.util.stream.ReferencePipeline$3$1.accept(ReferencePipeline.java:197) ~[na:na]
	at java.base/java.util.HashMap$EntrySpliterator.forEachRemaining(HashMap.java:1850) ~[na:na]
	at java.base/java.util.stream.AbstractPipeline.copyInto(AbstractPipeline.java:509) ~[na:na]
	at java.base/java.util.stream.AbstractPipeline.wrapAndCopyInto(AbstractPipeline.java:499) ~[na:na]
	at java.base/java.util.stream.ForEachOps$ForEachOp.evaluateSequential(ForEachOps.java:150) ~[na:na]
	at java.base/java.util.stream.ForEachOps$ForEachOp$OfRef.evaluateSequential(ForEachOps.java:173) ~[na:na]
	at java.base/java.util.stream.AbstractPipeline.evaluate(AbstractPipeline.java:234) ~[na:na]
	at java.base/java.util.stream.ReferencePipeline.forEach(ReferencePipeline.java:596) ~[na:na]
	at org.eclipse.wildwebdeveloper.xml.internal.XMLExtensionRegistry.getXMLLSClassPathExtensions(XMLExtensionRegistry.java:81) ~[na:na]
	at org.eclipse.wildwebdeveloper.xml.internal.XMLLanguageServer.getExtensionJarPaths(XMLLanguageServer.java:148) ~[na:na]
	at org.eclipse.wildwebdeveloper.xml.internal.XMLLanguageServer.<init>(XMLLanguageServer.java:83) ~[na:na]
	at java.base/jdk.internal.reflect.NativeConstructorAccessorImpl.newInstance0(Native Method) ~[na:na]
	at java.base/jdk.internal.reflect.NativeConstructorAccessorImpl.newInstance(NativeConstructorAccessorImpl.java:77) ~[na:na]
	at java.base/jdk.internal.reflect.DelegatingConstructorAccessorImpl.newInstance(DelegatingConstructorAccessorImpl.java:45) ~[na:na]
	at java.base/java.lang.reflect.Constructor.newInstanceWithCaller(Constructor.java:499) ~[na:na]
	at java.base/java.lang.reflect.Constructor.newInstance(Constructor.java:480) ~[na:na]
	at org.eclipse.core.internal.registry.osgi.RegistryStrategyOSGI.createExecutableExtension(RegistryStrategyOSGI.java:204) ~[org.eclipse.equinox.registry_3.11.100.v20211021-1418.jar:na]
	at org.eclipse.core.internal.registry.ExtensionRegistry.createExecutableExtension(ExtensionRegistry.java:920) ~[org.eclipse.equinox.registry_3.11.100.v20211021-1418.jar:na]
	at org.eclipse.core.internal.registry.ConfigurationElement.createExecutableExtension(ConfigurationElement.java:246) ~[org.eclipse.equinox.registry_3.11.100.v20211021-1418.jar:na]
	at org.eclipse.core.internal.registry.ConfigurationElementHandle.createExecutableExtension(ConfigurationElementHandle.java:63) ~[org.eclipse.equinox.registry_3.11.100.v20211021-1418.jar:na]
	at org.eclipse.lsp4e.LanguageServersRegistry$ExtensionLanguageServerDefinition.createConnectionProvider(LanguageServersRegistry.java:161) ~[na:na]
	at org.eclipse.lsp4e.LanguageServerWrapper.lambda$0(LanguageServerWrapper.java:232) ~[na:na]
	at java.base/java.util.concurrent.CompletableFuture$AsyncSupply.run(CompletableFuture.java:1768) ~[na:na]
	at java.base/java.util.concurrent.CompletableFuture$AsyncSupply.exec(CompletableFuture.java:1760) ~[na:na]
	at java.base/java.util.concurrent.ForkJoinTask.doExec(ForkJoinTask.java:373) ~[na:na]
	at java.base/java.util.concurrent.ForkJoinPool$WorkQueue.topLevelExec(ForkJoinPool.java:1182) ~[na:na]
	at java.base/java.util.concurrent.ForkJoinPool.scan(ForkJoinPool.java:1655) ~[na:na]
	at java.base/java.util.concurrent.ForkJoinPool.runWorker(ForkJoinPool.java:1622) ~[na:na]
	at java.base/java.util.concurrent.ForkJoinWorkerThread.run(ForkJoinWorkerThread.java:165) ~[na:na]
2022-06-20 10:53:38,619 [Worker-36: Enabling Maven Dependency Management] INFO  o.e.m.c.i.e.AbstractTransferListenerAdapter - Downloading https://promotastic.jfrog.io/artifactory/plugins-release/org/apache/maven/plugins/maven-surefire-plugin/2.12.4/maven-surefire-plugin-2.12.4.jar
2022-06-20 10:53:38,878 [Worker-36: Enabling Maven Dependency Management] INFO  o.e.m.c.i.e.AbstractTransferListenerAdapter - Downloaded https://promotastic.jfrog.io/artifactory/plugins-release/org/apache/maven/plugins/maven-surefire-plugin/2.12.4/maven-surefire-plugin-2.12.4.jar
2022-06-20 10:53:39,321 [Worker-36: Enabling Maven Dependency Management] INFO  o.e.m.c.i.l.LifecycleMappingFactory - Using org.eclipse.m2e.jdt.JarLifecycleMapping lifecycle mapping for MavenProject: FirstProject:FirstProject:0.0.1-SNAPSHOT @ D:\Projects\eclipse-project\FirstProject\pom.xml.
2022-06-20 10:53:39,551 [Worker-37: Building] WARN  o.e.m.c.i.embedder.EclipseLogger - Using platform encoding (Cp1252 actually) to copy filtered resources, i.e. build is platform dependent!
2022-06-20 10:53:39,552 [Worker-37: Building] INFO  o.e.m.c.i.embedder.EclipseLogger - skip non existing resourceDirectory D:\Projects\eclipse-project\FirstProject\src\main\resources
2022-06-20 10:53:39,555 [Worker-37: Building] WARN  o.e.m.c.i.embedder.EclipseLogger - Using platform encoding (Cp1252 actually) to copy filtered resources, i.e. build is platform dependent!
2022-06-20 10:53:39,556 [Worker-37: Building] INFO  o.e.m.c.i.embedder.EclipseLogger - skip non existing resourceDirectory D:\Projects\eclipse-project\FirstProject\src\test\resources
2022-06-20 10:53:39,601 [Worker-36: Enabling Maven Dependency Management] INFO  o.e.m.j.i.AbstractJavaProjectConfigurator - Adding source folder /FirstProject/src
2022-06-20 10:53:39,602 [Worker-36: Enabling Maven Dependency Management] INFO  o.e.m.j.i.AbstractJavaProjectConfigurator - Not adding source folder /FirstProject/src/test/java because it overlaps with /FirstProject/src
2022-06-20 10:53:39,682 [Worker-36: Enabling Maven Dependency Management] INFO  o.e.m.c.i.p.ProjectConfigurationManager - Update started
2022-06-20 10:53:39,919 [Worker-36: Enabling Maven Dependency Management] INFO  o.e.m.c.i.l.LifecycleMappingFactory - Using org.eclipse.m2e.jdt.JarLifecycleMapping lifecycle mapping for MavenProject: FirstProject:FirstProject:0.0.1-SNAPSHOT @ D:\Projects\eclipse-project\FirstProject\pom.xml.
2022-06-20 10:53:40,044 [Worker-36: Enabling Maven Dependency Management] INFO  o.e.m.j.i.AbstractJavaProjectConfigurator - Adding source folder /FirstProject/src
2022-06-20 10:53:40,045 [Worker-36: Enabling Maven Dependency Management] INFO  o.e.m.j.i.AbstractJavaProjectConfigurator - Not adding source folder /FirstProject/src/test/java because it overlaps with /FirstProject/src
2022-06-20 10:53:40,075 [Worker-36: Enabling Maven Dependency Management] INFO  o.e.m.c.i.p.ProjectConfigurationManager - Update completed: 0 sec
2022-06-20 10:53:40,586 [Worker-34: Building] WARN  o.e.m.c.i.embedder.EclipseLogger - Using platform encoding (Cp1252 actually) to copy filtered resources, i.e. build is platform dependent!
2022-06-20 10:53:40,587 [Worker-34: Building] INFO  o.e.m.c.i.embedder.EclipseLogger - skip non existing resourceDirectory D:\Projects\eclipse-project\FirstProject\src\main\resources
2022-06-20 10:53:40,588 [Worker-34: Building] WARN  o.e.m.c.i.embedder.EclipseLogger - Using platform encoding (Cp1252 actually) to copy filtered resources, i.e. build is platform dependent!
2022-06-20 10:53:40,589 [Worker-34: Building] INFO  o.e.m.c.i.embedder.EclipseLogger - skip non existing resourceDirectory D:\Projects\eclipse-project\FirstProject\src\test\resources
2022-06-20 10:56:57,729 [Worker-40: Building] INFO  o.e.m.c.i.l.LifecycleMappingFactory - Using org.eclipse.m2e.jdt.JarLifecycleMapping lifecycle mapping for MavenProject: FirstProject:FirstProject:0.0.1-SNAPSHOT @ D:\Projects\eclipse-project\FirstProject\pom.xml.
2022-06-20 10:56:59,073 [Worker-40: Building] INFO  o.e.m.c.i.e.AbstractTransferListenerAdapter - Downloading https://promotastic.jfrog.io/artifactory/libs-release/io/rest-assured/rest-assured/5.1.1/rest-assured-5.1.1.pom
2022-06-20 10:56:59,216 [Worker-40: Building] INFO  o.e.m.c.i.e.AbstractTransferListenerAdapter - Downloaded https://promotastic.jfrog.io/artifactory/libs-release/io/rest-assured/rest-assured/5.1.1/rest-assured-5.1.1.pom
2022-06-20 10:56:59,654 [Worker-40: Building] INFO  o.e.m.c.i.e.AbstractTransferListenerAdapter - Downloading https://promotastic.jfrog.io/artifactory/libs-release/io/rest-assured/rest-assured-parent/5.1.1/rest-assured-parent-5.1.1.pom
2022-06-20 10:57:00,089 [Worker-40: Building] INFO  o.e.m.c.i.e.AbstractTransferListenerAdapter - Downloaded https://promotastic.jfrog.io/artifactory/libs-release/io/rest-assured/rest-assured-parent/5.1.1/rest-assured-parent-5.1.1.pom
2022-06-20 10:57:00,509 [Worker-40: Building] INFO  o.e.m.c.i.e.AbstractTransferListenerAdapter - Downloading https://promotastic.jfrog.io/artifactory/libs-release/org/apache/groovy/groovy/4.0.1/groovy-4.0.1.pom
2022-06-20 10:57:00,680 [Worker-40: Building] INFO  o.e.m.c.i.e.AbstractTransferListenerAdapter - Downloaded https://promotastic.jfrog.io/artifactory/libs-release/org/apache/groovy/groovy/4.0.1/groovy-4.0.1.pom
2022-06-20 10:57:01,169 [Worker-40: Building] INFO  o.e.m.c.i.e.AbstractTransferListenerAdapter - Downloading https://promotastic.jfrog.io/artifactory/libs-release/org/apache/groovy/groovy-bom/4.0.1/groovy-bom-4.0.1.pom
2022-06-20 10:57:01,397 [Worker-40: Building] INFO  o.e.m.c.i.e.AbstractTransferListenerAdapter - Downloaded https://promotastic.jfrog.io/artifactory/libs-release/org/apache/groovy/groovy-bom/4.0.1/groovy-bom-4.0.1.pom
2022-06-20 10:57:01,745 [Worker-40: Building] INFO  o.e.m.c.i.e.AbstractTransferListenerAdapter - Downloading https://promotastic.jfrog.io/artifactory/libs-release/org/apache/groovy/groovy-xml/4.0.1/groovy-xml-4.0.1.pom
2022-06-20 10:57:01,887 [Worker-40: Building] INFO  o.e.m.c.i.e.AbstractTransferListenerAdapter - Downloaded https://promotastic.jfrog.io/artifactory/libs-release/org/apache/groovy/groovy-xml/4.0.1/groovy-xml-4.0.1.pom
2022-06-20 10:57:02,055 [Worker-40: Building] INFO  o.e.m.c.i.e.AbstractTransferListenerAdapter - Downloading https://promotastic.jfrog.io/artifactory/libs-release/org/hamcrest/hamcrest/2.1/hamcrest-2.1.pom
2022-06-20 10:57:02,195 [Worker-40: Building] INFO  o.e.m.c.i.e.AbstractTransferListenerAdapter - Downloaded https://promotastic.jfrog.io/artifactory/libs-release/org/hamcrest/hamcrest/2.1/hamcrest-2.1.pom
2022-06-20 10:57:02,368 [Worker-40: Building] INFO  o.e.m.c.i.e.AbstractTransferListenerAdapter - Downloading https://promotastic.jfrog.io/artifactory/libs-release/org/ccil/cowan/tagsoup/tagsoup/1.2.1/tagsoup-1.2.1.pom
2022-06-20 10:57:02,523 [Worker-40: Building] INFO  o.e.m.c.i.e.AbstractTransferListenerAdapter - Downloaded https://promotastic.jfrog.io/artifactory/libs-release/org/ccil/cowan/tagsoup/tagsoup/1.2.1/tagsoup-1.2.1.pom
2022-06-20 10:57:03,032 [Worker-40: Building] INFO  o.e.m.c.i.e.AbstractTransferListenerAdapter - Downloading https://promotastic.jfrog.io/artifactory/libs-release/io/rest-assured/json-path/5.1.1/json-path-5.1.1.pom
2022-06-20 10:57:03,205 [Worker-40: Building] INFO  o.e.m.c.i.e.AbstractTransferListenerAdapter - Downloaded https://promotastic.jfrog.io/artifactory/libs-release/io/rest-assured/json-path/5.1.1/json-path-5.1.1.pom
2022-06-20 10:57:03,665 [Worker-40: Building] INFO  o.e.m.c.i.e.AbstractTransferListenerAdapter - Downloading https://promotastic.jfrog.io/artifactory/libs-release/org/apache/groovy/groovy-json/4.0.1/groovy-json-4.0.1.pom
2022-06-20 10:57:03,858 [Worker-40: Building] INFO  o.e.m.c.i.e.AbstractTransferListenerAdapter - Downloaded https://promotastic.jfrog.io/artifactory/libs-release/org/apache/groovy/groovy-json/4.0.1/groovy-json-4.0.1.pom
2022-06-20 10:57:04,228 [Worker-40: Building] INFO  o.e.m.c.i.e.AbstractTransferListenerAdapter - Downloading https://promotastic.jfrog.io/artifactory/libs-release/io/rest-assured/rest-assured-common/5.1.1/rest-assured-common-5.1.1.pom
2022-06-20 10:57:04,372 [Worker-40: Building] INFO  o.e.m.c.i.e.AbstractTransferListenerAdapter - Downloaded https://promotastic.jfrog.io/artifactory/libs-release/io/rest-assured/rest-assured-common/5.1.1/rest-assured-common-5.1.1.pom
2022-06-20 10:57:04,775 [Worker-40: Building] INFO  o.e.m.c.i.e.AbstractTransferListenerAdapter - Downloading https://promotastic.jfrog.io/artifactory/libs-release/io/rest-assured/xml-path/5.1.1/xml-path-5.1.1.pom
2022-06-20 10:57:04,911 [Worker-40: Building] INFO  o.e.m.c.i.e.AbstractTransferListenerAdapter - Downloaded https://promotastic.jfrog.io/artifactory/libs-release/io/rest-assured/xml-path/5.1.1/xml-path-5.1.1.pom
2022-06-20 10:57:05,746 [AetherRepositoryConnector-promotastic.jfrog.io-0-3] INFO  o.e.m.c.i.e.AbstractTransferListenerAdapter - Downloading https://promotastic.jfrog.io/artifactory/libs-release/org/hamcrest/hamcrest/2.1/hamcrest-2.1.jar
2022-06-20 10:57:05,958 [AetherRepositoryConnector-promotastic.jfrog.io-0-4] INFO  o.e.m.c.i.e.AbstractTransferListenerAdapter - Downloading https://promotastic.jfrog.io/artifactory/libs-release/org/ccil/cowan/tagsoup/tagsoup/1.2.1/tagsoup-1.2.1.jar
2022-06-20 10:57:06,344 [AetherRepositoryConnector-promotastic.jfrog.io-0-4] INFO  o.e.m.c.i.e.AbstractTransferListenerAdapter - Downloaded https://promotastic.jfrog.io/artifactory/libs-release/org/ccil/cowan/tagsoup/tagsoup/1.2.1/tagsoup-1.2.1.jar
2022-06-20 10:57:06,374 [AetherRepositoryConnector-promotastic.jfrog.io-0-3] INFO  o.e.m.c.i.e.AbstractTransferListenerAdapter - Downloaded https://promotastic.jfrog.io/artifactory/libs-release/org/hamcrest/hamcrest/2.1/hamcrest-2.1.jar
2022-06-20 10:57:06,553 [AetherRepositoryConnector-promotastic.jfrog.io-0-0] INFO  o.e.m.c.i.e.AbstractTransferListenerAdapter - Downloading https://promotastic.jfrog.io/artifactory/libs-release/io/rest-assured/rest-assured/5.1.1/rest-assured-5.1.1.jar
2022-06-20 10:57:06,918 [AetherRepositoryConnector-promotastic.jfrog.io-0-1] INFO  o.e.m.c.i.e.AbstractTransferListenerAdapter - Downloading https://promotastic.jfrog.io/artifactory/libs-release/org/apache/groovy/groovy/4.0.1/groovy-4.0.1.jar
2022-06-20 10:57:06,995 [AetherRepositoryConnector-promotastic.jfrog.io-0-4] INFO  o.e.m.c.i.e.AbstractTransferListenerAdapter - Downloading https://promotastic.jfrog.io/artifactory/libs-release/io/rest-assured/json-path/5.1.1/json-path-5.1.1.jar
2022-06-20 10:57:07,074 [AetherRepositoryConnector-promotastic.jfrog.io-0-2] INFO  o.e.m.c.i.e.AbstractTransferListenerAdapter - Downloading https://promotastic.jfrog.io/artifactory/libs-release/org/apache/groovy/groovy-xml/4.0.1/groovy-xml-4.0.1.jar
2022-06-20 10:57:07,139 [AetherRepositoryConnector-promotastic.jfrog.io-0-4] INFO  o.e.m.c.i.e.AbstractTransferListenerAdapter - Downloaded https://promotastic.jfrog.io/artifactory/libs-release/io/rest-assured/json-path/5.1.1/json-path-5.1.1.jar
2022-06-20 10:57:07,312 [AetherRepositoryConnector-promotastic.jfrog.io-0-3] INFO  o.e.m.c.i.e.AbstractTransferListenerAdapter - Downloading https://promotastic.jfrog.io/artifactory/libs-release/org/apache/groovy/groovy-json/4.0.1/groovy-json-4.0.1.jar
2022-06-20 10:57:07,336 [AetherRepositoryConnector-promotastic.jfrog.io-0-0] INFO  o.e.m.c.i.e.AbstractTransferListenerAdapter - Downloaded https://promotastic.jfrog.io/artifactory/libs-release/io/rest-assured/rest-assured/5.1.1/rest-assured-5.1.1.jar
2022-06-20 10:57:07,571 [AetherRepositoryConnector-promotastic.jfrog.io-0-3] INFO  o.e.m.c.i.e.AbstractTransferListenerAdapter - Downloaded https://promotastic.jfrog.io/artifactory/libs-release/org/apache/groovy/groovy-json/4.0.1/groovy-json-4.0.1.jar
2022-06-20 10:57:07,594 [AetherRepositoryConnector-promotastic.jfrog.io-0-2] INFO  o.e.m.c.i.e.AbstractTransferListenerAdapter - Downloaded https://promotastic.jfrog.io/artifactory/libs-release/org/apache/groovy/groovy-xml/4.0.1/groovy-xml-4.0.1.jar
2022-06-20 10:57:07,936 [AetherRepositoryConnector-promotastic.jfrog.io-0-4] INFO  o.e.m.c.i.e.AbstractTransferListenerAdapter - Downloading https://promotastic.jfrog.io/artifactory/libs-release/io/rest-assured/rest-assured-common/5.1.1/rest-assured-common-5.1.1.jar
2022-06-20 10:57:07,990 [AetherRepositoryConnector-promotastic.jfrog.io-0-3] INFO  o.e.m.c.i.e.AbstractTransferListenerAdapter - Downloading https://promotastic.jfrog.io/artifactory/libs-release/org/apache/commons/commons-lang3/3.11/commons-lang3-3.11.jar
2022-06-20 10:57:08,073 [AetherRepositoryConnector-promotastic.jfrog.io-0-0] INFO  o.e.m.c.i.e.AbstractTransferListenerAdapter - Downloading https://promotastic.jfrog.io/artifactory/libs-release/io/rest-assured/xml-path/5.1.1/xml-path-5.1.1.jar
2022-06-20 10:57:08,215 [AetherRepositoryConnector-promotastic.jfrog.io-0-0] INFO  o.e.m.c.i.e.AbstractTransferListenerAdapter - Downloaded https://promotastic.jfrog.io/artifactory/libs-release/io/rest-assured/xml-path/5.1.1/xml-path-5.1.1.jar
2022-06-20 10:57:08,279 [AetherRepositoryConnector-promotastic.jfrog.io-0-3] INFO  o.e.m.c.i.e.AbstractTransferListenerAdapter - Downloaded https://promotastic.jfrog.io/artifactory/libs-release/org/apache/commons/commons-lang3/3.11/commons-lang3-3.11.jar
2022-06-20 10:57:08,337 [AetherRepositoryConnector-promotastic.jfrog.io-0-4] INFO  o.e.m.c.i.e.AbstractTransferListenerAdapter - Downloaded https://promotastic.jfrog.io/artifactory/libs-release/io/rest-assured/rest-assured-common/5.1.1/rest-assured-common-5.1.1.jar
2022-06-20 10:57:08,610 [AetherRepositoryConnector-promotastic.jfrog.io-0-1] INFO  o.e.m.c.i.e.AbstractTransferListenerAdapter - Downloaded https://promotastic.jfrog.io/artifactory/libs-release/org/apache/groovy/groovy/4.0.1/groovy-4.0.1.jar
2022-06-20 10:57:08,767 [Worker-40: Building] WARN  o.e.m.c.i.embedder.EclipseLogger - Using platform encoding (Cp1252 actually) to copy filtered resources, i.e. build is platform dependent!
2022-06-20 10:57:08,768 [Worker-40: Building] INFO  o.e.m.c.i.embedder.EclipseLogger - skip non existing resourceDirectory D:\Projects\eclipse-project\FirstProject\src\main\resources
2022-06-20 10:57:08,770 [Worker-40: Building] WARN  o.e.m.c.i.embedder.EclipseLogger - Using platform encoding (Cp1252 actually) to copy filtered resources, i.e. build is platform dependent!
2022-06-20 10:57:08,771 [Worker-40: Building] INFO  o.e.m.c.i.embedder.EclipseLogger - skip non existing resourceDirectory D:\Projects\eclipse-project\FirstProject\src\test\resources
2022-06-20 10:57:12,287 [Worker-39: Download sources and javadoc] INFO  o.e.m.c.i.e.AbstractTransferListenerAdapter - Downloading https://promotastic.jfrog.io/artifactory/libs-release/io/rest-assured/rest-assured/5.1.1/rest-assured-5.1.1-sources.jar
2022-06-20 10:57:12,947 [Worker-39: Download sources and javadoc] INFO  o.e.m.c.i.e.AbstractTransferListenerAdapter - Downloaded https://promotastic.jfrog.io/artifactory/libs-release/io/rest-assured/rest-assured/5.1.1/rest-assured-5.1.1-sources.jar
2022-06-20 10:57:12,951 [Worker-39: Download sources and javadoc] INFO  o.e.m.j.internal.DownloadSourcesJob - Downloaded sources for io.rest-assured:rest-assured:5.1.1
2022-06-20 10:57:15,936 [Worker-39: Download sources and javadoc] INFO  o.e.m.c.i.e.AbstractTransferListenerAdapter - Downloading https://promotastic.jfrog.io/artifactory/libs-release/org/apache/groovy/groovy/4.0.1/groovy-4.0.1-sources.jar
2022-06-20 10:57:17,030 [Worker-39: Download sources and javadoc] INFO  o.e.m.c.i.e.AbstractTransferListenerAdapter - Downloaded https://promotastic.jfrog.io/artifactory/libs-release/org/apache/groovy/groovy/4.0.1/groovy-4.0.1-sources.jar
2022-06-20 10:57:17,032 [Worker-39: Download sources and javadoc] INFO  o.e.m.j.internal.DownloadSourcesJob - Downloaded sources for org.apache.groovy:groovy:4.0.1
2022-06-20 10:57:18,323 [Worker-39: Download sources and javadoc] INFO  o.e.m.c.i.e.AbstractTransferListenerAdapter - Downloading https://promotastic.jfrog.io/artifactory/libs-release/org/apache/groovy/groovy-xml/4.0.1/groovy-xml-4.0.1-sources.jar
2022-06-20 10:57:18,741 [Worker-39: Download sources and javadoc] INFO  o.e.m.c.i.e.AbstractTransferListenerAdapter - Downloaded https://promotastic.jfrog.io/artifactory/libs-release/org/apache/groovy/groovy-xml/4.0.1/groovy-xml-4.0.1-sources.jar
2022-06-20 10:57:18,744 [Worker-39: Download sources and javadoc] INFO  o.e.m.j.internal.DownloadSourcesJob - Downloaded sources for org.apache.groovy:groovy-xml:4.0.1
2022-06-20 10:57:20,402 [Worker-39: Download sources and javadoc] INFO  o.e.m.c.i.e.AbstractTransferListenerAdapter - Downloading https://promotastic.jfrog.io/artifactory/libs-release/org/apache/httpcomponents/httpcore/4.4.13/httpcore-4.4.13-sources.jar
2022-06-20 10:57:21,075 [Worker-39: Download sources and javadoc] INFO  o.e.m.c.i.e.AbstractTransferListenerAdapter - Downloaded https://promotastic.jfrog.io/artifactory/libs-release/org/apache/httpcomponents/httpcore/4.4.13/httpcore-4.4.13-sources.jar
2022-06-20 10:57:21,078 [Worker-39: Download sources and javadoc] INFO  o.e.m.j.internal.DownloadSourcesJob - Downloaded sources for org.apache.httpcomponents:httpcore:4.4.13
2022-06-20 10:57:21,353 [Worker-36: Building] INFO  o.e.m.c.i.l.LifecycleMappingFactory - Using org.eclipse.m2e.jdt.JarLifecycleMapping lifecycle mapping for MavenProject: FirstProject:FirstProject:0.0.1-SNAPSHOT @ D:\Projects\eclipse-project\FirstProject\pom.xml.
2022-06-20 10:57:21,507 [Worker-36: Building] WARN  o.e.m.c.i.embedder.EclipseLogger - Using platform encoding (Cp1252 actually) to copy filtered resources, i.e. build is platform dependent!
2022-06-20 10:57:21,509 [Worker-36: Building] INFO  o.e.m.c.i.embedder.EclipseLogger - skip non existing resourceDirectory D:\Projects\eclipse-project\FirstProject\src\main\resources
2022-06-20 10:57:21,510 [Worker-36: Building] WARN  o.e.m.c.i.embedder.EclipseLogger - Using platform encoding (Cp1252 actually) to copy filtered resources, i.e. build is platform dependent!
2022-06-20 10:57:21,511 [Worker-36: Building] INFO  o.e.m.c.i.embedder.EclipseLogger - skip non existing resourceDirectory D:\Projects\eclipse-project\FirstProject\src\test\resources
2022-06-20 10:57:21,982 [Worker-39: Download sources and javadoc] INFO  o.e.m.c.i.e.AbstractTransferListenerAdapter - Downloading https://promotastic.jfrog.io/artifactory/libs-release/commons-logging/commons-logging/1.2/commons-logging-1.2-sources.jar
2022-06-20 10:57:22,376 [Worker-39: Download sources and javadoc] INFO  o.e.m.c.i.e.AbstractTransferListenerAdapter - Downloaded https://promotastic.jfrog.io/artifactory/libs-release/commons-logging/commons-logging/1.2/commons-logging-1.2-sources.jar
2022-06-20 10:57:22,379 [Worker-39: Download sources and javadoc] INFO  o.e.m.j.internal.DownloadSourcesJob - Downloaded sources for commons-logging:commons-logging:1.2
2022-06-20 10:57:24,333 [Worker-39: Download sources and javadoc] INFO  o.e.m.c.i.e.AbstractTransferListenerAdapter - Downloading https://promotastic.jfrog.io/artifactory/libs-release/commons-codec/commons-codec/1.11/commons-codec-1.11-sources.jar
2022-06-20 10:57:25,005 [Worker-39: Download sources and javadoc] INFO  o.e.m.c.i.e.AbstractTransferListenerAdapter - Downloaded https://promotastic.jfrog.io/artifactory/libs-release/commons-codec/commons-codec/1.11/commons-codec-1.11-sources.jar
2022-06-20 10:57:25,007 [Worker-39: Download sources and javadoc] INFO  o.e.m.j.internal.DownloadSourcesJob - Downloaded sources for commons-codec:commons-codec:1.11
2022-06-20 10:57:25,892 [Worker-39: Download sources and javadoc] INFO  o.e.m.c.i.e.AbstractTransferListenerAdapter - Downloading https://promotastic.jfrog.io/artifactory/libs-release/org/hamcrest/hamcrest/2.1/hamcrest-2.1-sources.jar
2022-06-20 10:57:26,346 [Worker-39: Download sources and javadoc] INFO  o.e.m.c.i.e.AbstractTransferListenerAdapter - Downloaded https://promotastic.jfrog.io/artifactory/libs-release/org/hamcrest/hamcrest/2.1/hamcrest-2.1-sources.jar
2022-06-20 10:57:26,354 [Worker-39: Download sources and javadoc] INFO  o.e.m.j.internal.DownloadSourcesJob - Downloaded sources for org.hamcrest:hamcrest:2.1
2022-06-20 10:57:26,539 [Worker-36: Building] INFO  o.e.m.c.i.l.LifecycleMappingFactory - Using org.eclipse.m2e.jdt.JarLifecycleMapping lifecycle mapping for MavenProject: FirstProject:FirstProject:0.0.1-SNAPSHOT @ D:\Projects\eclipse-project\FirstProject\pom.xml.
2022-06-20 10:57:26,710 [Worker-36: Building] WARN  o.e.m.c.i.embedder.EclipseLogger - Using platform encoding (Cp1252 actually) to copy filtered resources, i.e. build is platform dependent!
2022-06-20 10:57:26,711 [Worker-36: Building] INFO  o.e.m.c.i.embedder.EclipseLogger - skip non existing resourceDirectory D:\Projects\eclipse-project\FirstProject\src\main\resources
2022-06-20 10:57:26,713 [Worker-36: Building] WARN  o.e.m.c.i.embedder.EclipseLogger - Using platform encoding (Cp1252 actually) to copy filtered resources, i.e. build is platform dependent!
2022-06-20 10:57:26,715 [Worker-36: Building] INFO  o.e.m.c.i.embedder.EclipseLogger - skip non existing resourceDirectory D:\Projects\eclipse-project\FirstProject\src\test\resources
2022-06-20 10:57:27,669 [Worker-39: Download sources and javadoc] INFO  o.e.m.c.i.e.AbstractTransferListenerAdapter - Downloading https://promotastic.jfrog.io/artifactory/libs-release/org/ccil/cowan/tagsoup/tagsoup/1.2.1/tagsoup-1.2.1-sources.jar
2022-06-20 10:57:28,050 [Worker-39: Download sources and javadoc] INFO  o.e.m.c.i.e.AbstractTransferListenerAdapter - Downloaded https://promotastic.jfrog.io/artifactory/libs-release/org/ccil/cowan/tagsoup/tagsoup/1.2.1/tagsoup-1.2.1-sources.jar
2022-06-20 10:57:28,052 [Worker-39: Download sources and javadoc] INFO  o.e.m.j.internal.DownloadSourcesJob - Downloaded sources for org.ccil.cowan.tagsoup:tagsoup:1.2.1
2022-06-20 10:57:29,352 [Worker-39: Download sources and javadoc] INFO  o.e.m.c.i.e.AbstractTransferListenerAdapter - Downloading https://promotastic.jfrog.io/artifactory/libs-release/io/rest-assured/json-path/5.1.1/json-path-5.1.1-sources.jar
2022-06-20 10:57:29,661 [Worker-39: Download sources and javadoc] INFO  o.e.m.c.i.e.AbstractTransferListenerAdapter - Downloaded https://promotastic.jfrog.io/artifactory/libs-release/io/rest-assured/json-path/5.1.1/json-path-5.1.1-sources.jar
2022-06-20 10:57:29,664 [Worker-39: Download sources and javadoc] INFO  o.e.m.j.internal.DownloadSourcesJob - Downloaded sources for io.rest-assured:json-path:5.1.1
2022-06-20 10:57:31,178 [Worker-39: Download sources and javadoc] INFO  o.e.m.c.i.e.AbstractTransferListenerAdapter - Downloading https://promotastic.jfrog.io/artifactory/libs-release/org/apache/groovy/groovy-json/4.0.1/groovy-json-4.0.1-sources.jar
2022-06-20 10:57:32,014 [Worker-39: Download sources and javadoc] INFO  o.e.m.c.i.e.AbstractTransferListenerAdapter - Downloaded https://promotastic.jfrog.io/artifactory/libs-release/org/apache/groovy/groovy-json/4.0.1/groovy-json-4.0.1-sources.jar
2022-06-20 10:57:32,017 [Worker-39: Download sources and javadoc] INFO  o.e.m.j.internal.DownloadSourcesJob - Downloaded sources for org.apache.groovy:groovy-json:4.0.1
2022-06-20 10:57:34,067 [Worker-39: Download sources and javadoc] INFO  o.e.m.c.i.e.AbstractTransferListenerAdapter - Downloading https://promotastic.jfrog.io/artifactory/libs-release/io/rest-assured/rest-assured-common/5.1.1/rest-assured-common-5.1.1-sources.jar
2022-06-20 10:57:34,480 [Worker-39: Download sources and javadoc] INFO  o.e.m.c.i.e.AbstractTransferListenerAdapter - Downloaded https://promotastic.jfrog.io/artifactory/libs-release/io/rest-assured/rest-assured-common/5.1.1/rest-assured-common-5.1.1-sources.jar
2022-06-20 10:57:34,487 [Worker-39: Download sources and javadoc] INFO  o.e.m.j.internal.DownloadSourcesJob - Downloaded sources for io.rest-assured:rest-assured-common:5.1.1
2022-06-20 10:57:35,903 [Worker-39: Download sources and javadoc] INFO  o.e.m.c.i.e.AbstractTransferListenerAdapter - Downloading https://promotastic.jfrog.io/artifactory/libs-release/io/rest-assured/xml-path/5.1.1/xml-path-5.1.1-sources.jar
2022-06-20 10:57:36,175 [Worker-39: Download sources and javadoc] INFO  o.e.m.c.i.e.AbstractTransferListenerAdapter - Downloaded https://promotastic.jfrog.io/artifactory/libs-release/io/rest-assured/xml-path/5.1.1/xml-path-5.1.1-sources.jar
2022-06-20 10:57:36,178 [Worker-39: Download sources and javadoc] INFO  o.e.m.j.internal.DownloadSourcesJob - Downloaded sources for io.rest-assured:xml-path:5.1.1
2022-06-20 10:57:38,466 [Worker-39: Download sources and javadoc] INFO  o.e.m.c.i.e.AbstractTransferListenerAdapter - Downloading https://promotastic.jfrog.io/artifactory/libs-release/org/apache/commons/commons-lang3/3.11/commons-lang3-3.11-sources.jar
2022-06-20 10:57:39,259 [Worker-39: Download sources and javadoc] INFO  o.e.m.c.i.e.AbstractTransferListenerAdapter - Downloaded https://promotastic.jfrog.io/artifactory/libs-release/org/apache/commons/commons-lang3/3.11/commons-lang3-3.11-sources.jar
2022-06-20 10:57:39,266 [Worker-39: Download sources and javadoc] INFO  o.e.m.j.internal.DownloadSourcesJob - Downloaded sources for org.apache.commons:commons-lang3:3.11
2022-06-20 10:57:39,463 [Worker-39: Building] WARN  o.e.m.c.i.embedder.EclipseLogger - Using platform encoding (Cp1252 actually) to copy filtered resources, i.e. build is platform dependent!
2022-06-20 10:57:39,466 [Worker-39: Building] INFO  o.e.m.c.i.embedder.EclipseLogger - skip non existing resourceDirectory D:\Projects\eclipse-project\FirstProject\src\main\resources
2022-06-20 10:57:39,469 [Worker-39: Building] WARN  o.e.m.c.i.embedder.EclipseLogger - Using platform encoding (Cp1252 actually) to copy filtered resources, i.e. build is platform dependent!
2022-06-20 10:57:39,470 [Worker-39: Building] INFO  o.e.m.c.i.embedder.EclipseLogger - skip non existing resourceDirectory D:\Projects\eclipse-project\FirstProject\src\test\resources
2022-06-20 11:01:05,148 [Worker-42: Building] INFO  o.e.m.c.i.l.LifecycleMappingFactory - Using org.eclipse.m2e.jdt.JarLifecycleMapping lifecycle mapping for MavenProject: FirstProject:FirstProject:0.0.1-SNAPSHOT @ D:\Projects\eclipse-project\FirstProject\pom.xml.
2022-06-20 11:01:06,748 [Worker-42: Building] INFO  o.e.m.c.i.e.AbstractTransferListenerAdapter - Downloading https://promotastic.jfrog.io/artifactory/libs-release/org/testng/testng/7.6.0/testng-7.6.0.pom
2022-06-20 11:01:06,966 [Worker-42: Building] INFO  o.e.m.c.i.e.AbstractTransferListenerAdapter - Downloaded https://promotastic.jfrog.io/artifactory/libs-release/org/testng/testng/7.6.0/testng-7.6.0.pom
2022-06-20 11:01:07,433 [Worker-42: Building] INFO  o.e.m.c.i.e.AbstractTransferListenerAdapter - Downloading https://promotastic.jfrog.io/artifactory/libs-release/com/beust/jcommander/1.82/jcommander-1.82.pom
2022-06-20 11:01:07,591 [Worker-42: Building] INFO  o.e.m.c.i.e.AbstractTransferListenerAdapter - Downloaded https://promotastic.jfrog.io/artifactory/libs-release/com/beust/jcommander/1.82/jcommander-1.82.pom
2022-06-20 11:01:08,079 [Worker-42: Building] INFO  o.e.m.c.i.e.AbstractTransferListenerAdapter - Downloading https://promotastic.jfrog.io/artifactory/libs-release/org/webjars/jquery/3.6.0/jquery-3.6.0.pom
2022-06-20 11:01:08,287 [Worker-42: Building] INFO  o.e.m.c.i.e.AbstractTransferListenerAdapter - Downloaded https://promotastic.jfrog.io/artifactory/libs-release/org/webjars/jquery/3.6.0/jquery-3.6.0.pom
2022-06-20 11:01:09,515 [AetherRepositoryConnector-promotastic.jfrog.io-1-1] INFO  o.e.m.c.i.e.AbstractTransferListenerAdapter - Downloading https://promotastic.jfrog.io/artifactory/libs-release/com/beust/jcommander/1.82/jcommander-1.82.jar
2022-06-20 11:01:09,798 [AetherRepositoryConnector-promotastic.jfrog.io-1-0] INFO  o.e.m.c.i.e.AbstractTransferListenerAdapter - Downloading https://promotastic.jfrog.io/artifactory/libs-release/org/testng/testng/7.6.0/testng-7.6.0.jar
2022-06-20 11:01:09,921 [AetherRepositoryConnector-promotastic.jfrog.io-1-1] INFO  o.e.m.c.i.e.AbstractTransferListenerAdapter - Downloaded https://promotastic.jfrog.io/artifactory/libs-release/com/beust/jcommander/1.82/jcommander-1.82.jar
2022-06-20 11:01:10,437 [AetherRepositoryConnector-promotastic.jfrog.io-1-2] INFO  o.e.m.c.i.e.AbstractTransferListenerAdapter - Downloading https://promotastic.jfrog.io/artifactory/libs-release/org/webjars/jquery/3.6.0/jquery-3.6.0.jar
2022-06-20 11:01:10,568 [AetherRepositoryConnector-promotastic.jfrog.io-1-0] INFO  o.e.m.c.i.e.AbstractTransferListenerAdapter - Downloaded https://promotastic.jfrog.io/artifactory/libs-release/org/testng/testng/7.6.0/testng-7.6.0.jar
2022-06-20 11:01:11,152 [AetherRepositoryConnector-promotastic.jfrog.io-1-2] INFO  o.e.m.c.i.e.AbstractTransferListenerAdapter - Downloaded https://promotastic.jfrog.io/artifactory/libs-release/org/webjars/jquery/3.6.0/jquery-3.6.0.jar
2022-06-20 11:01:11,258 [Worker-42: Building] WARN  o.e.m.c.i.embedder.EclipseLogger - Using platform encoding (Cp1252 actually) to copy filtered resources, i.e. build is platform dependent!
2022-06-20 11:01:11,259 [Worker-42: Building] INFO  o.e.m.c.i.embedder.EclipseLogger - skip non existing resourceDirectory D:\Projects\eclipse-project\FirstProject\src\main\resources
2022-06-20 11:01:11,260 [Worker-42: Building] WARN  o.e.m.c.i.embedder.EclipseLogger - Using platform encoding (Cp1252 actually) to copy filtered resources, i.e. build is platform dependent!
2022-06-20 11:01:11,261 [Worker-42: Building] INFO  o.e.m.c.i.embedder.EclipseLogger - skip non existing resourceDirectory D:\Projects\eclipse-project\FirstProject\src\test\resources
2022-06-20 11:01:14,600 [Worker-43: Download sources and javadoc] INFO  o.e.m.c.i.e.AbstractTransferListenerAdapter - Downloading https://promotastic.jfrog.io/artifactory/libs-release/org/testng/testng/7.6.0/testng-7.6.0-sources.jar
2022-06-20 11:01:15,261 [Worker-43: Download sources and javadoc] INFO  o.e.m.c.i.e.AbstractTransferListenerAdapter - Downloaded https://promotastic.jfrog.io/artifactory/libs-release/org/testng/testng/7.6.0/testng-7.6.0-sources.jar
2022-06-20 11:01:15,263 [Worker-43: Download sources and javadoc] INFO  o.e.m.j.internal.DownloadSourcesJob - Downloaded sources for org.testng:testng:7.6.0
2022-06-20 11:01:16,234 [Worker-43: Download sources and javadoc] INFO  o.e.m.c.i.e.AbstractTransferListenerAdapter - Downloading https://promotastic.jfrog.io/artifactory/libs-release/com/google/code/findbugs/jsr305/3.0.2/jsr305-3.0.2-sources.jar
2022-06-20 11:01:16,582 [Worker-43: Download sources and javadoc] INFO  o.e.m.c.i.e.AbstractTransferListenerAdapter - Downloaded https://promotastic.jfrog.io/artifactory/libs-release/com/google/code/findbugs/jsr305/3.0.2/jsr305-3.0.2-sources.jar
2022-06-20 11:01:16,587 [Worker-43: Download sources and javadoc] INFO  o.e.m.j.internal.DownloadSourcesJob - Downloaded sources for com.google.code.findbugs:jsr305:3.0.2
2022-06-20 11:01:18,167 [Worker-43: Download sources and javadoc] INFO  o.e.m.c.i.e.AbstractTransferListenerAdapter - Downloading https://promotastic.jfrog.io/artifactory/libs-release/org/slf4j/slf4j-api/1.7.36/slf4j-api-1.7.36-sources.jar
2022-06-20 11:01:18,793 [Worker-43: Download sources and javadoc] INFO  o.e.m.c.i.e.AbstractTransferListenerAdapter - Downloaded https://promotastic.jfrog.io/artifactory/libs-release/org/slf4j/slf4j-api/1.7.36/slf4j-api-1.7.36-sources.jar
2022-06-20 11:01:18,796 [Worker-43: Download sources and javadoc] INFO  o.e.m.j.internal.DownloadSourcesJob - Downloaded sources for org.slf4j:slf4j-api:1.7.36
2022-06-20 11:01:20,323 [Worker-43: Download sources and javadoc] INFO  o.e.m.c.i.e.AbstractTransferListenerAdapter - Downloading https://promotastic.jfrog.io/artifactory/libs-release/com/beust/jcommander/1.82/jcommander-1.82-sources.jar
2022-06-20 11:01:20,750 [Worker-43: Download sources and javadoc] INFO  o.e.m.c.i.e.AbstractTransferListenerAdapter - Downloaded https://promotastic.jfrog.io/artifactory/libs-release/com/beust/jcommander/1.82/jcommander-1.82-sources.jar
2022-06-20 11:01:20,753 [Worker-43: Download sources and javadoc] INFO  o.e.m.j.internal.DownloadSourcesJob - Downloaded sources for com.beust:jcommander:1.82
2022-06-20 11:01:22,585 [Worker-43: Download sources and javadoc] INFO  o.e.m.c.i.e.AbstractTransferListenerAdapter - Downloading https://promotastic.jfrog.io/artifactory/libs-release/org/webjars/jquery/3.6.0/jquery-3.6.0-sources.jar
2022-06-20 11:01:23,005 [Worker-43: Download sources and javadoc] INFO  o.e.m.c.i.e.AbstractTransferListenerAdapter - Downloaded https://promotastic.jfrog.io/artifactory/libs-release/org/webjars/jquery/3.6.0/jquery-3.6.0-sources.jar
2022-06-20 11:01:23,013 [Worker-43: Download sources and javadoc] INFO  o.e.m.j.internal.DownloadSourcesJob - Downloaded sources for org.webjars:jquery:3.6.0
2022-06-20 11:01:23,182 [Worker-42: Building] WARN  o.e.m.c.i.embedder.EclipseLogger - Using platform encoding (Cp1252 actually) to copy filtered resources, i.e. build is platform dependent!
2022-06-20 11:01:23,183 [Worker-42: Building] INFO  o.e.m.c.i.embedder.EclipseLogger - skip non existing resourceDirectory D:\Projects\eclipse-project\FirstProject\src\main\resources
2022-06-20 11:01:23,184 [Worker-42: Building] WARN  o.e.m.c.i.embedder.EclipseLogger - Using platform encoding (Cp1252 actually) to copy filtered resources, i.e. build is platform dependent!
2022-06-20 11:01:23,184 [Worker-42: Building] INFO  o.e.m.c.i.embedder.EclipseLogger - skip non existing resourceDirectory D:\Projects\eclipse-project\FirstProject\src\test\resources
2022-06-20 11:02:11,782 [Worker-42: Building] INFO  o.e.m.c.i.l.LifecycleMappingFactory - Using org.eclipse.m2e.jdt.JarLifecycleMapping lifecycle mapping for MavenProject: FirstProject:FirstProject:0.0.1-SNAPSHOT @ D:\Projects\eclipse-project\FirstProject\pom.xml.
2022-06-20 11:02:11,954 [Worker-42: Building] WARN  o.e.m.c.i.embedder.EclipseLogger - Using platform encoding (Cp1252 actually) to copy filtered resources, i.e. build is platform dependent!
2022-06-20 11:02:11,956 [Worker-42: Building] INFO  o.e.m.c.i.embedder.EclipseLogger - skip non existing resourceDirectory D:\Projects\eclipse-project\FirstProject\src\main\resources
2022-06-20 11:02:11,958 [Worker-42: Building] WARN  o.e.m.c.i.embedder.EclipseLogger - Using platform encoding (Cp1252 actually) to copy filtered resources, i.e. build is platform dependent!
2022-06-20 11:02:11,960 [Worker-42: Building] INFO  o.e.m.c.i.embedder.EclipseLogger - skip non existing resourceDirectory D:\Projects\eclipse-project\FirstProject\src\test\resources
2022-06-20 11:02:26,764 [Worker-36: Building] WARN  o.e.m.c.i.embedder.EclipseLogger - Using platform encoding (Cp1252 actually) to copy filtered resources, i.e. build is platform dependent!
2022-06-20 11:02:26,765 [Worker-36: Building] INFO  o.e.m.c.i.embedder.EclipseLogger - skip non existing resourceDirectory D:\Projects\eclipse-project\FirstProject\src\main\resources
2022-06-20 11:02:26,766 [Worker-36: Building] WARN  o.e.m.c.i.embedder.EclipseLogger - Using platform encoding (Cp1252 actually) to copy filtered resources, i.e. build is platform dependent!
2022-06-20 11:02:26,767 [Worker-36: Building] INFO  o.e.m.c.i.embedder.EclipseLogger - skip non existing resourceDirectory D:\Projects\eclipse-project\FirstProject\src\test\resources
2022-06-20 11:13:50,736 [Worker-48: Building] WARN  o.e.m.c.i.embedder.EclipseLogger - Using platform encoding (Cp1252 actually) to copy filtered resources, i.e. build is platform dependent!
2022-06-20 11:13:50,738 [Worker-48: Building] INFO  o.e.m.c.i.embedder.EclipseLogger - skip non existing resourceDirectory D:\Projects\eclipse-project\FirstProject\src\main\resources
2022-06-20 11:13:50,739 [Worker-48: Building] WARN  o.e.m.c.i.embedder.EclipseLogger - Using platform encoding (Cp1252 actually) to copy filtered resources, i.e. build is platform dependent!
2022-06-20 11:13:50,741 [Worker-48: Building] INFO  o.e.m.c.i.embedder.EclipseLogger - skip non existing resourceDirectory D:\Projects\eclipse-project\FirstProject\src\test\resources
2022-06-20 11:13:56,560 [Worker-48: Building] WARN  o.e.m.c.i.embedder.EclipseLogger - Using platform encoding (Cp1252 actually) to copy filtered resources, i.e. build is platform dependent!
2022-06-20 11:13:56,561 [Worker-48: Building] INFO  o.e.m.c.i.embedder.EclipseLogger - skip non existing resourceDirectory D:\Projects\eclipse-project\FirstProject\src\main\resources
2022-06-20 11:13:56,562 [Worker-48: Building] WARN  o.e.m.c.i.embedder.EclipseLogger - Using platform encoding (Cp1252 actually) to copy filtered resources, i.e. build is platform dependent!
2022-06-20 11:13:56,562 [Worker-48: Building] INFO  o.e.m.c.i.embedder.EclipseLogger - skip non existing resourceDirectory D:\Projects\eclipse-project\FirstProject\src\test\resources
2022-06-20 11:34:13,444 [Worker-45: Launching Basics] WARN  o.e.m.c.i.embedder.EclipseLogger - Using platform encoding (Cp1252 actually) to copy filtered resources, i.e. build is platform dependent!
2022-06-20 11:34:13,447 [Worker-45: Launching Basics] INFO  o.e.m.c.i.embedder.EclipseLogger - skip non existing resourceDirectory D:\Projects\eclipse-project\FirstProject\src\main\resources
2022-06-20 11:34:13,448 [Worker-45: Launching Basics] WARN  o.e.m.c.i.embedder.EclipseLogger - Using platform encoding (Cp1252 actually) to copy filtered resources, i.e. build is platform dependent!
2022-06-20 11:34:13,450 [Worker-45: Launching Basics] INFO  o.e.m.c.i.embedder.EclipseLogger - skip non existing resourceDirectory D:\Projects\eclipse-project\FirstProject\src\test\resources
2022-06-20 11:40:01,881 [Worker-42: Launching Basics] WARN  o.e.m.c.i.embedder.EclipseLogger - Using platform encoding (Cp1252 actually) to copy filtered resources, i.e. build is platform dependent!
2022-06-20 11:40:01,885 [Worker-42: Launching Basics] INFO  o.e.m.c.i.embedder.EclipseLogger - skip non existing resourceDirectory D:\Projects\eclipse-project\FirstProject\src\main\resources
2022-06-20 11:40:01,887 [Worker-42: Launching Basics] WARN  o.e.m.c.i.embedder.EclipseLogger - Using platform encoding (Cp1252 actually) to copy filtered resources, i.e. build is platform dependent!
2022-06-20 11:40:01,888 [Worker-42: Launching Basics] INFO  o.e.m.c.i.embedder.EclipseLogger - skip non existing resourceDirectory D:\Projects\eclipse-project\FirstProject\src\test\resources
2022-06-20 11:42:36,404 [Worker-54: Launching Basics] INFO  o.e.m.c.i.l.LifecycleMappingFactory - Using org.eclipse.m2e.jdt.JarLifecycleMapping lifecycle mapping for MavenProject: FirstProject:FirstProject:0.0.1-SNAPSHOT @ D:\Projects\eclipse-project\FirstProject\pom.xml.
2022-06-20 11:42:36,541 [Worker-54: Launching Basics] WARN  o.e.m.c.i.embedder.EclipseLogger - Using platform encoding (Cp1252 actually) to copy filtered resources, i.e. build is platform dependent!
2022-06-20 11:42:36,542 [Worker-54: Launching Basics] INFO  o.e.m.c.i.embedder.EclipseLogger - skip non existing resourceDirectory D:\Projects\eclipse-project\FirstProject\src\main\resources
2022-06-20 11:42:36,544 [Worker-54: Launching Basics] WARN  o.e.m.c.i.embedder.EclipseLogger - Using platform encoding (Cp1252 actually) to copy filtered resources, i.e. build is platform dependent!
2022-06-20 11:42:36,545 [Worker-54: Launching Basics] INFO  o.e.m.c.i.embedder.EclipseLogger - skip non existing resourceDirectory D:\Projects\eclipse-project\FirstProject\src\test\resources
2022-06-20 11:42:36,783 [Worker-42: Building] WARN  o.e.m.c.i.embedder.EclipseLogger - Using platform encoding (Cp1252 actually) to copy filtered resources, i.e. build is platform dependent!
2022-06-20 11:42:36,786 [Worker-42: Building] INFO  o.e.m.c.i.embedder.EclipseLogger - skip non existing resourceDirectory D:\Projects\eclipse-project\FirstProject\src\main\resources
2022-06-20 11:42:36,788 [Worker-42: Building] WARN  o.e.m.c.i.embedder.EclipseLogger - Using platform encoding (Cp1252 actually) to copy filtered resources, i.e. build is platform dependent!
2022-06-20 11:42:36,789 [Worker-42: Building] INFO  o.e.m.c.i.embedder.EclipseLogger - skip non existing resourceDirectory D:\Projects\eclipse-project\FirstProject\src\test\resources
2022-06-20 11:42:54,053 [Worker-54: Building] WARN  o.e.m.c.i.embedder.EclipseLogger - Using platform encoding (Cp1252 actually) to copy filtered resources, i.e. build is platform dependent!
2022-06-20 11:42:54,055 [Worker-54: Building] INFO  o.e.m.c.i.embedder.EclipseLogger - skip non existing resourceDirectory D:\Projects\eclipse-project\FirstProject\src\main\resources
2022-06-20 11:42:54,055 [Worker-54: Building] WARN  o.e.m.c.i.embedder.EclipseLogger - Using platform encoding (Cp1252 actually) to copy filtered resources, i.e. build is platform dependent!
2022-06-20 11:42:54,057 [Worker-54: Building] INFO  o.e.m.c.i.embedder.EclipseLogger - skip non existing resourceDirectory D:\Projects\eclipse-project\FirstProject\src\test\resources
2022-06-20 11:45:35,330 [Worker-56: Building] WARN  o.e.m.c.i.embedder.EclipseLogger - Using platform encoding (Cp1252 actually) to copy filtered resources, i.e. build is platform dependent!
2022-06-20 11:45:35,332 [Worker-56: Building] INFO  o.e.m.c.i.embedder.EclipseLogger - skip non existing resourceDirectory D:\Projects\eclipse-project\FirstProject\src\main\resources
2022-06-20 11:45:35,333 [Worker-56: Building] WARN  o.e.m.c.i.embedder.EclipseLogger - Using platform encoding (Cp1252 actually) to copy filtered resources, i.e. build is platform dependent!
2022-06-20 11:45:35,335 [Worker-56: Building] INFO  o.e.m.c.i.embedder.EclipseLogger - skip non existing resourceDirectory D:\Projects\eclipse-project\FirstProject\src\test\resources
2022-06-20 11:45:59,132 [Worker-51: Building] WARN  o.e.m.c.i.embedder.EclipseLogger - Using platform encoding (Cp1252 actually) to copy filtered resources, i.e. build is platform dependent!
2022-06-20 11:45:59,133 [Worker-51: Building] INFO  o.e.m.c.i.embedder.EclipseLogger - skip non existing resourceDirectory D:\Projects\eclipse-project\FirstProject\src\main\resources
2022-06-20 11:45:59,134 [Worker-51: Building] WARN  o.e.m.c.i.embedder.EclipseLogger - Using platform encoding (Cp1252 actually) to copy filtered resources, i.e. build is platform dependent!
2022-06-20 11:45:59,134 [Worker-51: Building] INFO  o.e.m.c.i.embedder.EclipseLogger - skip non existing resourceDirectory D:\Projects\eclipse-project\FirstProject\src\test\resources
